2021-06-09 09:28:28.112738: I tensorflow/core/platform/cpu_feature_guard.cc:142] Your CPU supports instructions that this TensorFlow binary was not compiled to use: SSE4.1 SSE4.2 AVX AVX2 AVX512F FMA
2021-06-09 09:28:28.115193: I tensorflow/core/platform/cpu_feature_guard.cc:142] Your CPU supports instructions that this TensorFlow binary was not compiled to use: SSE4.1 SSE4.2 AVX AVX2 AVX512F FMA
2021-06-09 09:28:28.118198: I tensorflow/core/platform/cpu_feature_guard.cc:142] Your CPU supports instructions that this TensorFlow binary was not compiled to use: SSE4.1 SSE4.2 AVX AVX2 AVX512F FMA
2021-06-09 09:28:28.118264: I tensorflow/core/platform/cpu_feature_guard.cc:142] Your CPU supports instructions that this TensorFlow binary was not compiled to use: SSE4.1 SSE4.2 AVX AVX2 AVX512F FMA
2021-06-09 09:28:28.118498: I tensorflow/core/platform/cpu_feature_guard.cc:142] Your CPU supports instructions that this TensorFlow binary was not compiled to use: SSE4.1 SSE4.2 AVX AVX2 AVX512F FMA
2021-06-09 09:28:28.118951: I tensorflow/core/platform/cpu_feature_guard.cc:142] Your CPU supports instructions that this TensorFlow binary was not compiled to use: SSE4.1 SSE4.2 AVX AVX2 AVX512F FMA
2021-06-09 09:28:28.119627: I tensorflow/core/platform/cpu_feature_guard.cc:142] Your CPU supports instructions that this TensorFlow binary was not compiled to use: SSE4.1 SSE4.2 AVX AVX2 AVX512F FMA
2021-06-09 09:28:28.120803: I tensorflow/core/platform/cpu_feature_guard.cc:142] Your CPU supports instructions that this TensorFlow binary was not compiled to use: SSE4.1 SSE4.2 AVX AVX2 AVX512F FMA
2021-06-09 09:28:28.122369: I tensorflow/core/platform/profile_utils/cpu_utils.cc:94] CPU Frequency: 2400000000 Hz
2021-06-09 09:28:28.123108: I tensorflow/compiler/xla/service/service.cc:168] XLA service 0x55c8cfbdd1d0 initialized for platform Host (this does not guarantee that XLA will be used). Devices:
2021-06-09 09:28:28.123138: I tensorflow/compiler/xla/service/service.cc:176]   StreamExecutor device (0): Host, Default Version
2021-06-09 09:28:28.123973: I tensorflow/core/platform/profile_utils/cpu_utils.cc:94] CPU Frequency: 2400000000 Hz
2021-06-09 09:28:28.124667: I tensorflow/compiler/xla/service/service.cc:168] XLA service 0x55c8cfbdd340 initialized for platform Host (this does not guarantee that XLA will be used). Devices:
2021-06-09 09:28:28.124695: I tensorflow/compiler/xla/service/service.cc:176]   StreamExecutor device (0): Host, Default Version
2021-06-09 09:28:28.125726: I tensorflow/stream_executor/platform/default/dso_loader.cc:44] Successfully opened dynamic library libcuda.so.1
2021-06-09 09:28:28.126144: I tensorflow/stream_executor/platform/default/dso_loader.cc:44] Successfully opened dynamic library libcuda.so.1
2021-06-09 09:28:28.127914: I tensorflow/core/platform/profile_utils/cpu_utils.cc:94] CPU Frequency: 2400000000 Hz
2021-06-09 09:28:28.128337: I tensorflow/compiler/xla/service/service.cc:168] XLA service 0x55c8cfbdd1d0 initialized for platform Host (this does not guarantee that XLA will be used). Devices:
2021-06-09 09:28:28.128358: I tensorflow/compiler/xla/service/service.cc:176]   StreamExecutor device (0): Host, Default Version
2021-06-09 09:28:28.130212: I tensorflow/core/platform/cpu_feature_guard.cc:142] Your CPU supports instructions that this TensorFlow binary was not compiled to use: SSE4.1 SSE4.2 AVX AVX2 AVX512F FMA
2021-06-09 09:28:28.132301: I tensorflow/core/platform/cpu_feature_guard.cc:142] Your CPU supports instructions that this TensorFlow binary was not compiled to use: SSE4.1 SSE4.2 AVX AVX2 AVX512F FMA
2021-06-09 09:28:28.133636: E tensorflow/stream_executor/cuda/cuda_driver.cc:351] failed call to cuInit: CUDA_ERROR_NO_DEVICE: no CUDA-capable device is detected
2021-06-09 09:28:28.133666: I tensorflow/stream_executor/cuda/cuda_diagnostics.cc:169] retrieving CUDA diagnostic information for host: p0241.ten.osc.edu
2021-06-09 09:28:28.133675: I tensorflow/stream_executor/cuda/cuda_diagnostics.cc:176] hostname: p0241.ten.osc.edu
2021-06-09 09:28:28.133763: I tensorflow/stream_executor/cuda/cuda_diagnostics.cc:200] libcuda reported version is: 450.80.2
2021-06-09 09:28:28.133796: I tensorflow/stream_executor/cuda/cuda_diagnostics.cc:204] kernel reported version is: 450.80.2
2021-06-09 09:28:28.133803: I tensorflow/stream_executor/cuda/cuda_diagnostics.cc:310] kernel version seems to match DSO: 450.80.2
WARNING:tensorflow:From /users/PES0781/ziqichen/anaconda3/envs/mhcflurry/lib/python3.6/site-packages/tensorflow_core/python/compat/v2_compat.py:88: disable_resource_variables (from tensorflow.python.ops.variable_scope) is deprecated and will be removed in a future version.
Instructions for updating:
non-resource variables are not supported in the long term
2021-06-09 09:28:28.136625: I tensorflow/core/platform/profile_utils/cpu_utils.cc:94] CPU Frequency: 2400000000 Hz
WARNING:tensorflow:From /users/PES0781/ziqichen/anaconda3/envs/mhcflurry/lib/python3.6/site-packages/mhcflurry/common.py:72: The name tf.keras.backend.set_session is deprecated. Please use tf.compat.v1.keras.backend.set_session instead.

2021-06-09 09:28:28.137000: E tensorflow/stream_executor/cuda/cuda_driver.cc:351] failed call to cuInit: CUDA_ERROR_NO_DEVICE: no CUDA-capable device is detected
2021-06-09 09:28:28.137038: I tensorflow/stream_executor/cuda/cuda_diagnostics.cc:169] retrieving CUDA diagnostic information for host: p0241.ten.osc.edu
2021-06-09 09:28:28.137046: I tensorflow/stream_executor/cuda/cuda_diagnostics.cc:176] hostname: p0241.ten.osc.edu
2021-06-09 09:28:28.137117: I tensorflow/stream_executor/cuda/cuda_diagnostics.cc:200] libcuda reported version is: 450.80.2
2021-06-09 09:28:28.137160: I tensorflow/stream_executor/cuda/cuda_diagnostics.cc:204] kernel reported version is: 450.80.2
2021-06-09 09:28:28.137167: I tensorflow/stream_executor/cuda/cuda_diagnostics.cc:310] kernel version seems to match DSO: 450.80.2
2021-06-09 09:28:28.137490: I tensorflow/compiler/xla/service/service.cc:168] XLA service 0x55c8cfbdd1d0 initialized for platform Host (this does not guarantee that XLA will be used). Devices:
2021-06-09 09:28:28.137532: I tensorflow/compiler/xla/service/service.cc:176]   StreamExecutor device (0): Host, Default Version
2021-06-09 09:28:28.139199: I tensorflow/core/platform/profile_utils/cpu_utils.cc:94] CPU Frequency: 2400000000 Hz
2021-06-09 09:28:28.139328: I tensorflow/stream_executor/platform/default/dso_loader.cc:44] Successfully opened dynamic library libcuda.so.1
WARNING:tensorflow:From /users/PES0781/ziqichen/anaconda3/envs/mhcflurry/lib/python3.6/site-packages/tensorflow_core/python/compat/v2_compat.py:88: disable_resource_variables (from tensorflow.python.ops.variable_scope) is deprecated and will be removed in a future version.
Instructions for updating:
non-resource variables are not supported in the long term
WARNING:tensorflow:From /users/PES0781/ziqichen/anaconda3/envs/mhcflurry/lib/python3.6/site-packages/mhcflurry/common.py:72: The name tf.keras.backend.set_session is deprecated. Please use tf.compat.v1.keras.backend.set_session instead.

2021-06-09 09:28:28.140019: I tensorflow/stream_executor/platform/default/dso_loader.cc:44] Successfully opened dynamic library libcuda.so.1
2021-06-09 09:28:28.140038: I tensorflow/compiler/xla/service/service.cc:168] XLA service 0x55c8cfbdd1d0 initialized for platform Host (this does not guarantee that XLA will be used). Devices:
2021-06-09 09:28:28.140080: I tensorflow/compiler/xla/service/service.cc:176]   StreamExecutor device (0): Host, Default Version
2021-06-09 09:28:28.140725: I tensorflow/core/platform/profile_utils/cpu_utils.cc:94] CPU Frequency: 2400000000 Hz
2021-06-09 09:28:28.141787: I tensorflow/core/platform/profile_utils/cpu_utils.cc:94] CPU Frequency: 2400000000 Hz
2021-06-09 09:28:28.141951: I tensorflow/core/platform/profile_utils/cpu_utils.cc:94] CPU Frequency: 2400000000 Hz
2021-06-09 09:28:28.142012: I tensorflow/compiler/xla/service/service.cc:168] XLA service 0x55c8cfbdd1d0 initialized for platform Host (this does not guarantee that XLA will be used). Devices:
2021-06-09 09:28:28.142047: I tensorflow/compiler/xla/service/service.cc:176]   StreamExecutor device (0): Host, Default Version
2021-06-09 09:28:28.142670: I tensorflow/stream_executor/platform/default/dso_loader.cc:44] Successfully opened dynamic library libcuda.so.1
2021-06-09 09:28:28.142964: I tensorflow/compiler/xla/service/service.cc:168] XLA service 0x55c8d0b5e400 initialized for platform Host (this does not guarantee that XLA will be used). Devices:
2021-06-09 09:28:28.142992: I tensorflow/compiler/xla/service/service.cc:176]   StreamExecutor device (0): Host, Default Version
2021-06-09 09:28:28.143048: I tensorflow/compiler/xla/service/service.cc:168] XLA service 0x55c8cfbdd1d0 initialized for platform Host (this does not guarantee that XLA will be used). Devices:
2021-06-09 09:28:28.143104: I tensorflow/compiler/xla/service/service.cc:176]   StreamExecutor device (0): Host, Default Version
2021-06-09 09:28:28.143309: I tensorflow/core/platform/profile_utils/cpu_utils.cc:94] CPU Frequency: 2400000000 Hz
2021-06-09 09:28:28.143423: I tensorflow/stream_executor/platform/default/dso_loader.cc:44] Successfully opened dynamic library libcuda.so.1
2021-06-09 09:28:28.143735: E tensorflow/stream_executor/cuda/cuda_driver.cc:351] failed call to cuInit: CUDA_ERROR_NO_DEVICE: no CUDA-capable device is detected
2021-06-09 09:28:28.143762: I tensorflow/stream_executor/cuda/cuda_diagnostics.cc:169] retrieving CUDA diagnostic information for host: p0241.ten.osc.edu
2021-06-09 09:28:28.143770: I tensorflow/stream_executor/cuda/cuda_diagnostics.cc:176] hostname: p0241.ten.osc.edu
2021-06-09 09:28:28.143843: I tensorflow/stream_executor/cuda/cuda_diagnostics.cc:200] libcuda reported version is: 450.80.2
2021-06-09 09:28:28.143870: I tensorflow/stream_executor/cuda/cuda_diagnostics.cc:204] kernel reported version is: 450.80.2
2021-06-09 09:28:28.143878: I tensorflow/stream_executor/cuda/cuda_diagnostics.cc:310] kernel version seems to match DSO: 450.80.2
2021-06-09 09:28:28.144525: I tensorflow/compiler/xla/service/service.cc:168] XLA service 0x55c8cfbdd1d0 initialized for platform Host (this does not guarantee that XLA will be used). Devices:
2021-06-09 09:28:28.144549: I tensorflow/compiler/xla/service/service.cc:176]   StreamExecutor device (0): Host, Default Version
2021-06-09 09:28:28.145308: I tensorflow/stream_executor/platform/default/dso_loader.cc:44] Successfully opened dynamic library libcuda.so.1
2021-06-09 09:28:28.146278: I tensorflow/stream_executor/platform/default/dso_loader.cc:44] Successfully opened dynamic library libcuda.so.1
WARNING:tensorflow:From /users/PES0781/ziqichen/anaconda3/envs/mhcflurry/lib/python3.6/site-packages/tensorflow_core/python/compat/v2_compat.py:88: disable_resource_variables (from tensorflow.python.ops.variable_scope) is deprecated and will be removed in a future version.
Instructions for updating:
non-resource variables are not supported in the long term
WARNING:tensorflow:From /users/PES0781/ziqichen/anaconda3/envs/mhcflurry/lib/python3.6/site-packages/mhcflurry/common.py:72: The name tf.keras.backend.set_session is deprecated. Please use tf.compat.v1.keras.backend.set_session instead.

2021-06-09 09:28:28.147371: I tensorflow/stream_executor/platform/default/dso_loader.cc:44] Successfully opened dynamic library libcuda.so.1
2021-06-09 09:28:28.148425: E tensorflow/stream_executor/cuda/cuda_driver.cc:351] failed call to cuInit: CUDA_ERROR_NO_DEVICE: no CUDA-capable device is detected
2021-06-09 09:28:28.148452: I tensorflow/stream_executor/cuda/cuda_diagnostics.cc:169] retrieving CUDA diagnostic information for host: p0241.ten.osc.edu
2021-06-09 09:28:28.148461: I tensorflow/stream_executor/cuda/cuda_diagnostics.cc:176] hostname: p0241.ten.osc.edu
2021-06-09 09:28:28.148548: I tensorflow/stream_executor/cuda/cuda_diagnostics.cc:200] libcuda reported version is: 450.80.2
2021-06-09 09:28:28.148578: I tensorflow/stream_executor/cuda/cuda_diagnostics.cc:204] kernel reported version is: 450.80.2
2021-06-09 09:28:28.148586: I tensorflow/stream_executor/cuda/cuda_diagnostics.cc:310] kernel version seems to match DSO: 450.80.2
2021-06-09 09:28:28.150200: E tensorflow/stream_executor/cuda/cuda_driver.cc:351] failed call to cuInit: CUDA_ERROR_NO_DEVICE: no CUDA-capable device is detected
2021-06-09 09:28:28.150269: I tensorflow/stream_executor/cuda/cuda_diagnostics.cc:169] retrieving CUDA diagnostic information for host: p0241.ten.osc.edu
2021-06-09 09:28:28.150290: I tensorflow/stream_executor/cuda/cuda_diagnostics.cc:176] hostname: p0241.ten.osc.edu
2021-06-09 09:28:28.150424: I tensorflow/stream_executor/cuda/cuda_diagnostics.cc:200] libcuda reported version is: 450.80.2
2021-06-09 09:28:28.150489: I tensorflow/stream_executor/cuda/cuda_diagnostics.cc:204] kernel reported version is: 450.80.2
2021-06-09 09:28:28.150507: I tensorflow/stream_executor/cuda/cuda_diagnostics.cc:310] kernel version seems to match DSO: 450.80.2
WARNING:tensorflow:From /users/PES0781/ziqichen/anaconda3/envs/mhcflurry/lib/python3.6/site-packages/tensorflow_core/python/compat/v2_compat.py:88: disable_resource_variables (from tensorflow.python.ops.variable_scope) is deprecated and will be removed in a future version.
Instructions for updating:
non-resource variables are not supported in the long term
WARNING:tensorflow:From /users/PES0781/ziqichen/anaconda3/envs/mhcflurry/lib/python3.6/site-packages/mhcflurry/common.py:72: The name tf.keras.backend.set_session is deprecated. Please use tf.compat.v1.keras.backend.set_session instead.

2021-06-09 09:28:28.152298: E tensorflow/stream_executor/cuda/cuda_driver.cc:351] failed call to cuInit: CUDA_ERROR_NO_DEVICE: no CUDA-capable device is detected
2021-06-09 09:28:28.152336: I tensorflow/stream_executor/cuda/cuda_diagnostics.cc:169] retrieving CUDA diagnostic information for host: p0241.ten.osc.edu
2021-06-09 09:28:28.152345: I tensorflow/stream_executor/cuda/cuda_diagnostics.cc:176] hostname: p0241.ten.osc.edu
2021-06-09 09:28:28.152434: I tensorflow/stream_executor/cuda/cuda_diagnostics.cc:200] libcuda reported version is: 450.80.2
2021-06-09 09:28:28.152472: I tensorflow/stream_executor/cuda/cuda_diagnostics.cc:204] kernel reported version is: 450.80.2
2021-06-09 09:28:28.152480: I tensorflow/stream_executor/cuda/cuda_diagnostics.cc:310] kernel version seems to match DSO: 450.80.2
2021-06-09 09:28:28.153415: E tensorflow/stream_executor/cuda/cuda_driver.cc:351] failed call to cuInit: CUDA_ERROR_NO_DEVICE: no CUDA-capable device is detected
2021-06-09 09:28:28.153466: I tensorflow/stream_executor/cuda/cuda_diagnostics.cc:169] retrieving CUDA diagnostic information for host: p0241.ten.osc.edu
2021-06-09 09:28:28.153482: I tensorflow/stream_executor/cuda/cuda_diagnostics.cc:176] hostname: p0241.ten.osc.edu
2021-06-09 09:28:28.153598: I tensorflow/stream_executor/cuda/cuda_diagnostics.cc:200] libcuda reported version is: 450.80.2
2021-06-09 09:28:28.153649: I tensorflow/stream_executor/cuda/cuda_diagnostics.cc:204] kernel reported version is: 450.80.2
2021-06-09 09:28:28.153663: I tensorflow/stream_executor/cuda/cuda_diagnostics.cc:310] kernel version seems to match DSO: 450.80.2
2021-06-09 09:28:28.153668: E tensorflow/stream_executor/cuda/cuda_driver.cc:351] failed call to cuInit: CUDA_ERROR_NO_DEVICE: no CUDA-capable device is detected
2021-06-09 09:28:28.153710: I tensorflow/stream_executor/cuda/cuda_diagnostics.cc:169] retrieving CUDA diagnostic information for host: p0241.ten.osc.edu
2021-06-09 09:28:28.153726: I tensorflow/stream_executor/cuda/cuda_diagnostics.cc:176] hostname: p0241.ten.osc.edu
2021-06-09 09:28:28.153829: I tensorflow/stream_executor/cuda/cuda_diagnostics.cc:200] libcuda reported version is: 450.80.2
2021-06-09 09:28:28.153877: I tensorflow/stream_executor/cuda/cuda_diagnostics.cc:204] kernel reported version is: 450.80.2
2021-06-09 09:28:28.153890: I tensorflow/stream_executor/cuda/cuda_diagnostics.cc:310] kernel version seems to match DSO: 450.80.2
2021-06-09 09:28:28.154402: I tensorflow/core/platform/profile_utils/cpu_utils.cc:94] CPU Frequency: 2400000000 Hz
WARNING:tensorflow:From /users/PES0781/ziqichen/anaconda3/envs/mhcflurry/lib/python3.6/site-packages/tensorflow_core/python/compat/v2_compat.py:88: disable_resource_variables (from tensorflow.python.ops.variable_scope) is deprecated and will be removed in a future version.
Instructions for updating:
non-resource variables are not supported in the long term
2021-06-09 09:28:28.155405: I tensorflow/compiler/xla/service/service.cc:168] XLA service 0x55c8cfbdd1d0 initialized for platform Host (this does not guarantee that XLA will be used). Devices:
2021-06-09 09:28:28.155452: I tensorflow/compiler/xla/service/service.cc:176]   StreamExecutor device (0): Host, Default Version
WARNING:tensorflow:From /users/PES0781/ziqichen/anaconda3/envs/mhcflurry/lib/python3.6/site-packages/mhcflurry/common.py:72: The name tf.keras.backend.set_session is deprecated. Please use tf.compat.v1.keras.backend.set_session instead.

WARNING:tensorflow:From /users/PES0781/ziqichen/anaconda3/envs/mhcflurry/lib/python3.6/site-packages/tensorflow_core/python/compat/v2_compat.py:88: disable_resource_variables (from tensorflow.python.ops.variable_scope) is deprecated and will be removed in a future version.
Instructions for updating:
non-resource variables are not supported in the long term
WARNING:tensorflow:From /users/PES0781/ziqichen/anaconda3/envs/mhcflurry/lib/python3.6/site-packages/mhcflurry/common.py:72: The name tf.keras.backend.set_session is deprecated. Please use tf.compat.v1.keras.backend.set_session instead.

2021-06-09 09:28:28.157324: E tensorflow/stream_executor/cuda/cuda_driver.cc:351] failed call to cuInit: CUDA_ERROR_NO_DEVICE: no CUDA-capable device is detected
2021-06-09 09:28:28.157378: I tensorflow/stream_executor/cuda/cuda_diagnostics.cc:169] retrieving CUDA diagnostic information for host: p0241.ten.osc.edu
2021-06-09 09:28:28.157397: I tensorflow/stream_executor/cuda/cuda_diagnostics.cc:176] hostname: p0241.ten.osc.edu
2021-06-09 09:28:28.157517: I tensorflow/stream_executor/cuda/cuda_diagnostics.cc:200] libcuda reported version is: 450.80.2
WARNING:tensorflow:From /users/PES0781/ziqichen/anaconda3/envs/mhcflurry/lib/python3.6/site-packages/tensorflow_core/python/compat/v2_compat.py:88: disable_resource_variables (from tensorflow.python.ops.variable_scope) is deprecated and will be removed in a future version.
Instructions for updating:
non-resource variables are not supported in the long term
2021-06-09 09:28:28.157573: I tensorflow/stream_executor/cuda/cuda_diagnostics.cc:204] kernel reported version is: 450.80.2
2021-06-09 09:28:28.157591: I tensorflow/stream_executor/cuda/cuda_diagnostics.cc:310] kernel version seems to match DSO: 450.80.2
2021-06-09 09:28:28.157774: I tensorflow/stream_executor/platform/default/dso_loader.cc:44] Successfully opened dynamic library libcuda.so.1
WARNING:tensorflow:From /users/PES0781/ziqichen/anaconda3/envs/mhcflurry/lib/python3.6/site-packages/mhcflurry/common.py:72: The name tf.keras.backend.set_session is deprecated. Please use tf.compat.v1.keras.backend.set_session instead.

WARNING:tensorflow:From /users/PES0781/ziqichen/anaconda3/envs/mhcflurry/lib/python3.6/site-packages/tensorflow_core/python/compat/v2_compat.py:88: disable_resource_variables (from tensorflow.python.ops.variable_scope) is deprecated and will be removed in a future version.
Instructions for updating:
non-resource variables are not supported in the long term
WARNING:tensorflow:From /users/PES0781/ziqichen/anaconda3/envs/mhcflurry/lib/python3.6/site-packages/mhcflurry/common.py:72: The name tf.keras.backend.set_session is deprecated. Please use tf.compat.v1.keras.backend.set_session instead.

WARNING:tensorflow:From /users/PES0781/ziqichen/anaconda3/envs/mhcflurry/lib/python3.6/site-packages/tensorflow_core/python/compat/v2_compat.py:88: disable_resource_variables (from tensorflow.python.ops.variable_scope) is deprecated and will be removed in a future version.
Instructions for updating:
non-resource variables are not supported in the long term
WARNING:tensorflow:From /users/PES0781/ziqichen/anaconda3/envs/mhcflurry/lib/python3.6/site-packages/mhcflurry/common.py:72: The name tf.keras.backend.set_session is deprecated. Please use tf.compat.v1.keras.backend.set_session instead.

2021-06-09 09:28:28.166893: E tensorflow/stream_executor/cuda/cuda_driver.cc:351] failed call to cuInit: CUDA_ERROR_NO_DEVICE: no CUDA-capable device is detected
2021-06-09 09:28:28.166950: I tensorflow/stream_executor/cuda/cuda_diagnostics.cc:169] retrieving CUDA diagnostic information for host: p0241.ten.osc.edu
2021-06-09 09:28:28.166968: I tensorflow/stream_executor/cuda/cuda_diagnostics.cc:176] hostname: p0241.ten.osc.edu
2021-06-09 09:28:28.167105: I tensorflow/stream_executor/cuda/cuda_diagnostics.cc:200] libcuda reported version is: 450.80.2
2021-06-09 09:28:28.167159: I tensorflow/stream_executor/cuda/cuda_diagnostics.cc:204] kernel reported version is: 450.80.2
2021-06-09 09:28:28.167175: I tensorflow/stream_executor/cuda/cuda_diagnostics.cc:310] kernel version seems to match DSO: 450.80.2
WARNING:tensorflow:From /users/PES0781/ziqichen/anaconda3/envs/mhcflurry/lib/python3.6/site-packages/tensorflow_core/python/compat/v2_compat.py:88: disable_resource_variables (from tensorflow.python.ops.variable_scope) is deprecated and will be removed in a future version.
Instructions for updating:
non-resource variables are not supported in the long term
WARNING:tensorflow:From /users/PES0781/ziqichen/anaconda3/envs/mhcflurry/lib/python3.6/site-packages/mhcflurry/common.py:72: The name tf.keras.backend.set_session is deprecated. Please use tf.compat.v1.keras.backend.set_session instead.

WARNING:tensorflow:From /users/PES0781/ziqichen/anaconda3/envs/mhcflurry/lib/python3.6/site-packages/tensorflow_core/python/keras/initializers.py:119: calling RandomUniform.__init__ (from tensorflow.python.ops.init_ops) with dtype is deprecated and will be removed in a future version.
Instructions for updating:
Call initializer instance with the dtype argument instead of passing it to the constructor
WARNING:tensorflow:From /users/PES0781/ziqichen/anaconda3/envs/mhcflurry/lib/python3.6/site-packages/tensorflow_core/python/keras/initializers.py:119: calling RandomUniform.__init__ (from tensorflow.python.ops.init_ops) with dtype is deprecated and will be removed in a future version.
Instructions for updating:
Call initializer instance with the dtype argument instead of passing it to the constructor
WARNING:tensorflow:From /users/PES0781/ziqichen/anaconda3/envs/mhcflurry/lib/python3.6/site-packages/tensorflow_core/python/ops/resource_variable_ops.py:1635: calling BaseResourceVariable.__init__ (from tensorflow.python.ops.resource_variable_ops) with constraint is deprecated and will be removed in a future version.
Instructions for updating:
If using Keras pass *_constraint arguments to layers.
WARNING:tensorflow:From /users/PES0781/ziqichen/anaconda3/envs/mhcflurry/lib/python3.6/site-packages/tensorflow_core/python/ops/resource_variable_ops.py:1635: calling BaseResourceVariable.__init__ (from tensorflow.python.ops.resource_variable_ops) with constraint is deprecated and will be removed in a future version.
Instructions for updating:
If using Keras pass *_constraint arguments to layers.
WARNING:tensorflow:From /users/PES0781/ziqichen/anaconda3/envs/mhcflurry/lib/python3.6/site-packages/tensorflow_core/python/keras/initializers.py:119: calling RandomUniform.__init__ (from tensorflow.python.ops.init_ops) with dtype is deprecated and will be removed in a future version.
Instructions for updating:
Call initializer instance with the dtype argument instead of passing it to the constructor
WARNING:tensorflow:From /users/PES0781/ziqichen/anaconda3/envs/mhcflurry/lib/python3.6/site-packages/tensorflow_core/python/keras/initializers.py:119: calling RandomUniform.__init__ (from tensorflow.python.ops.init_ops) with dtype is deprecated and will be removed in a future version.
Instructions for updating:
Call initializer instance with the dtype argument instead of passing it to the constructor
WARNING:tensorflow:From /users/PES0781/ziqichen/anaconda3/envs/mhcflurry/lib/python3.6/site-packages/tensorflow_core/python/ops/resource_variable_ops.py:1635: calling BaseResourceVariable.__init__ (from tensorflow.python.ops.resource_variable_ops) with constraint is deprecated and will be removed in a future version.
Instructions for updating:
If using Keras pass *_constraint arguments to layers.
WARNING:tensorflow:From /users/PES0781/ziqichen/anaconda3/envs/mhcflurry/lib/python3.6/site-packages/tensorflow_core/python/keras/initializers.py:119: calling RandomUniform.__init__ (from tensorflow.python.ops.init_ops) with dtype is deprecated and will be removed in a future version.
Instructions for updating:
Call initializer instance with the dtype argument instead of passing it to the constructor
WARNING:tensorflow:From /users/PES0781/ziqichen/anaconda3/envs/mhcflurry/lib/python3.6/site-packages/tensorflow_core/python/ops/resource_variable_ops.py:1635: calling BaseResourceVariable.__init__ (from tensorflow.python.ops.resource_variable_ops) with constraint is deprecated and will be removed in a future version.
Instructions for updating:
If using Keras pass *_constraint arguments to layers.
WARNING:tensorflow:From /users/PES0781/ziqichen/anaconda3/envs/mhcflurry/lib/python3.6/site-packages/tensorflow_core/python/ops/resource_variable_ops.py:1635: calling BaseResourceVariable.__init__ (from tensorflow.python.ops.resource_variable_ops) with constraint is deprecated and will be removed in a future version.
Instructions for updating:
If using Keras pass *_constraint arguments to layers.
WARNING:tensorflow:From /users/PES0781/ziqichen/anaconda3/envs/mhcflurry/lib/python3.6/site-packages/tensorflow_core/python/keras/initializers.py:119: calling RandomUniform.__init__ (from tensorflow.python.ops.init_ops) with dtype is deprecated and will be removed in a future version.
Instructions for updating:
Call initializer instance with the dtype argument instead of passing it to the constructor
WARNING:tensorflow:From /users/PES0781/ziqichen/anaconda3/envs/mhcflurry/lib/python3.6/site-packages/tensorflow_core/python/keras/initializers.py:119: calling RandomUniform.__init__ (from tensorflow.python.ops.init_ops) with dtype is deprecated and will be removed in a future version.
Instructions for updating:
Call initializer instance with the dtype argument instead of passing it to the constructor
WARNING:tensorflow:From /users/PES0781/ziqichen/anaconda3/envs/mhcflurry/lib/python3.6/site-packages/tensorflow_core/python/keras/initializers.py:119: calling RandomUniform.__init__ (from tensorflow.python.ops.init_ops) with dtype is deprecated and will be removed in a future version.
Instructions for updating:
Call initializer instance with the dtype argument instead of passing it to the constructor
WARNING:tensorflow:From /users/PES0781/ziqichen/anaconda3/envs/mhcflurry/lib/python3.6/site-packages/tensorflow_core/python/ops/resource_variable_ops.py:1635: calling BaseResourceVariable.__init__ (from tensorflow.python.ops.resource_variable_ops) with constraint is deprecated and will be removed in a future version.
Instructions for updating:
If using Keras pass *_constraint arguments to layers.
WARNING:tensorflow:From /users/PES0781/ziqichen/anaconda3/envs/mhcflurry/lib/python3.6/site-packages/tensorflow_core/python/keras/initializers.py:119: calling RandomUniform.__init__ (from tensorflow.python.ops.init_ops) with dtype is deprecated and will be removed in a future version.
Instructions for updating:
Call initializer instance with the dtype argument instead of passing it to the constructor
WARNING:tensorflow:From /users/PES0781/ziqichen/anaconda3/envs/mhcflurry/lib/python3.6/site-packages/tensorflow_core/python/keras/initializers.py:119: calling RandomUniform.__init__ (from tensorflow.python.ops.init_ops) with dtype is deprecated and will be removed in a future version.
Instructions for updating:
Call initializer instance with the dtype argument instead of passing it to the constructor
WARNING:tensorflow:From /users/PES0781/ziqichen/anaconda3/envs/mhcflurry/lib/python3.6/site-packages/tensorflow_core/python/ops/resource_variable_ops.py:1635: calling BaseResourceVariable.__init__ (from tensorflow.python.ops.resource_variable_ops) with constraint is deprecated and will be removed in a future version.
Instructions for updating:
If using Keras pass *_constraint arguments to layers.
WARNING:tensorflow:From /users/PES0781/ziqichen/anaconda3/envs/mhcflurry/lib/python3.6/site-packages/tensorflow_core/python/ops/resource_variable_ops.py:1635: calling BaseResourceVariable.__init__ (from tensorflow.python.ops.resource_variable_ops) with constraint is deprecated and will be removed in a future version.
Instructions for updating:
If using Keras pass *_constraint arguments to layers.
WARNING:tensorflow:From /users/PES0781/ziqichen/anaconda3/envs/mhcflurry/lib/python3.6/site-packages/tensorflow_core/python/ops/resource_variable_ops.py:1635: calling BaseResourceVariable.__init__ (from tensorflow.python.ops.resource_variable_ops) with constraint is deprecated and will be removed in a future version.
Instructions for updating:
If using Keras pass *_constraint arguments to layers.
WARNING:tensorflow:From /users/PES0781/ziqichen/anaconda3/envs/mhcflurry/lib/python3.6/site-packages/tensorflow_core/python/ops/resource_variable_ops.py:1635: calling BaseResourceVariable.__init__ (from tensorflow.python.ops.resource_variable_ops) with constraint is deprecated and will be removed in a future version.
Instructions for updating:
If using Keras pass *_constraint arguments to layers.
WARNING:tensorflow:From /users/PES0781/ziqichen/anaconda3/envs/mhcflurry/lib/python3.6/site-packages/tensorflow_core/python/ops/init_ops.py:97: calling VarianceScaling.__init__ (from tensorflow.python.ops.init_ops) with dtype is deprecated and will be removed in a future version.
Instructions for updating:
Call initializer instance with the dtype argument instead of passing it to the constructor
WARNING:tensorflow:From /users/PES0781/ziqichen/anaconda3/envs/mhcflurry/lib/python3.6/site-packages/tensorflow_core/python/ops/init_ops.py:97: calling Zeros.__init__ (from tensorflow.python.ops.init_ops) with dtype is deprecated and will be removed in a future version.
Instructions for updating:
Call initializer instance with the dtype argument instead of passing it to the constructor
WARNING:tensorflow:From /users/PES0781/ziqichen/anaconda3/envs/mhcflurry/lib/python3.6/site-packages/tensorflow_core/python/ops/init_ops.py:97: calling VarianceScaling.__init__ (from tensorflow.python.ops.init_ops) with dtype is deprecated and will be removed in a future version.
Instructions for updating:
Call initializer instance with the dtype argument instead of passing it to the constructor
WARNING:tensorflow:From /users/PES0781/ziqichen/anaconda3/envs/mhcflurry/lib/python3.6/site-packages/tensorflow_core/python/ops/init_ops.py:97: calling Zeros.__init__ (from tensorflow.python.ops.init_ops) with dtype is deprecated and will be removed in a future version.
Instructions for updating:
Call initializer instance with the dtype argument instead of passing it to the constructor
WARNING:tensorflow:From /users/PES0781/ziqichen/anaconda3/envs/mhcflurry/lib/python3.6/site-packages/tensorflow_core/python/ops/init_ops.py:97: calling VarianceScaling.__init__ (from tensorflow.python.ops.init_ops) with dtype is deprecated and will be removed in a future version.
Instructions for updating:
Call initializer instance with the dtype argument instead of passing it to the constructor
WARNING:tensorflow:From /users/PES0781/ziqichen/anaconda3/envs/mhcflurry/lib/python3.6/site-packages/tensorflow_core/python/ops/init_ops.py:97: calling Zeros.__init__ (from tensorflow.python.ops.init_ops) with dtype is deprecated and will be removed in a future version.
Instructions for updating:
Call initializer instance with the dtype argument instead of passing it to the constructor
WARNING:tensorflow:From /users/PES0781/ziqichen/anaconda3/envs/mhcflurry/lib/python3.6/site-packages/tensorflow_core/python/ops/init_ops.py:97: calling VarianceScaling.__init__ (from tensorflow.python.ops.init_ops) with dtype is deprecated and will be removed in a future version.
Instructions for updating:
Call initializer instance with the dtype argument instead of passing it to the constructor
WARNING:tensorflow:From /users/PES0781/ziqichen/anaconda3/envs/mhcflurry/lib/python3.6/site-packages/tensorflow_core/python/ops/init_ops.py:97: calling Zeros.__init__ (from tensorflow.python.ops.init_ops) with dtype is deprecated and will be removed in a future version.
Instructions for updating:
Call initializer instance with the dtype argument instead of passing it to the constructor
WARNING:tensorflow:From /users/PES0781/ziqichen/anaconda3/envs/mhcflurry/lib/python3.6/site-packages/tensorflow_core/python/ops/init_ops.py:97: calling VarianceScaling.__init__ (from tensorflow.python.ops.init_ops) with dtype is deprecated and will be removed in a future version.
Instructions for updating:
Call initializer instance with the dtype argument instead of passing it to the constructor
WARNING:tensorflow:From /users/PES0781/ziqichen/anaconda3/envs/mhcflurry/lib/python3.6/site-packages/tensorflow_core/python/ops/init_ops.py:97: calling Zeros.__init__ (from tensorflow.python.ops.init_ops) with dtype is deprecated and will be removed in a future version.
Instructions for updating:
Call initializer instance with the dtype argument instead of passing it to the constructor
WARNING:tensorflow:From /users/PES0781/ziqichen/anaconda3/envs/mhcflurry/lib/python3.6/site-packages/tensorflow_core/python/ops/init_ops.py:97: calling VarianceScaling.__init__ (from tensorflow.python.ops.init_ops) with dtype is deprecated and will be removed in a future version.
Instructions for updating:
Call initializer instance with the dtype argument instead of passing it to the constructor
WARNING:tensorflow:From /users/PES0781/ziqichen/anaconda3/envs/mhcflurry/lib/python3.6/site-packages/tensorflow_core/python/ops/init_ops.py:97: calling Zeros.__init__ (from tensorflow.python.ops.init_ops) with dtype is deprecated and will be removed in a future version.
Instructions for updating:
Call initializer instance with the dtype argument instead of passing it to the constructor
WARNING:tensorflow:From /users/PES0781/ziqichen/anaconda3/envs/mhcflurry/lib/python3.6/site-packages/tensorflow_core/python/ops/init_ops.py:97: calling VarianceScaling.__init__ (from tensorflow.python.ops.init_ops) with dtype is deprecated and will be removed in a future version.
Instructions for updating:
Call initializer instance with the dtype argument instead of passing it to the constructor
WARNING:tensorflow:From /users/PES0781/ziqichen/anaconda3/envs/mhcflurry/lib/python3.6/site-packages/tensorflow_core/python/ops/init_ops.py:97: calling Zeros.__init__ (from tensorflow.python.ops.init_ops) with dtype is deprecated and will be removed in a future version.
Instructions for updating:
Call initializer instance with the dtype argument instead of passing it to the constructor
WARNING:tensorflow:From /users/PES0781/ziqichen/anaconda3/envs/mhcflurry/lib/python3.6/site-packages/tensorflow_core/python/ops/init_ops.py:97: calling VarianceScaling.__init__ (from tensorflow.python.ops.init_ops) with dtype is deprecated and will be removed in a future version.
Instructions for updating:
Call initializer instance with the dtype argument instead of passing it to the constructor
WARNING:tensorflow:From /users/PES0781/ziqichen/anaconda3/envs/mhcflurry/lib/python3.6/site-packages/tensorflow_core/python/ops/init_ops.py:97: calling Zeros.__init__ (from tensorflow.python.ops.init_ops) with dtype is deprecated and will be removed in a future version.
Instructions for updating:
Call initializer instance with the dtype argument instead of passing it to the constructor
WARNING:tensorflow:From /users/PES0781/ziqichen/anaconda3/envs/mhcflurry/lib/python3.6/site-packages/tensorflow_core/python/ops/init_ops.py:97: calling VarianceScaling.__init__ (from tensorflow.python.ops.init_ops) with dtype is deprecated and will be removed in a future version.
Instructions for updating:
Call initializer instance with the dtype argument instead of passing it to the constructor
WARNING:tensorflow:From /users/PES0781/ziqichen/anaconda3/envs/mhcflurry/lib/python3.6/site-packages/tensorflow_core/python/ops/init_ops.py:97: calling Zeros.__init__ (from tensorflow.python.ops.init_ops) with dtype is deprecated and will be removed in a future version.
Instructions for updating:
Call initializer instance with the dtype argument instead of passing it to the constructor
WARNING:tensorflow:From /users/PES0781/ziqichen/anaconda3/envs/mhcflurry/lib/python3.6/site-packages/tensorflow_core/python/ops/init_ops.py:97: calling VarianceScaling.__init__ (from tensorflow.python.ops.init_ops) with dtype is deprecated and will be removed in a future version.
Instructions for updating:
Call initializer instance with the dtype argument instead of passing it to the constructor
WARNING:tensorflow:From /users/PES0781/ziqichen/anaconda3/envs/mhcflurry/lib/python3.6/site-packages/tensorflow_core/python/ops/init_ops.py:97: calling Zeros.__init__ (from tensorflow.python.ops.init_ops) with dtype is deprecated and will be removed in a future version.
Instructions for updating:
Call initializer instance with the dtype argument instead of passing it to the constructor
