This is pdfTeX, Version 3.141592653-2.6-1.40.22 (MiKTeX 21.3) (preloaded format=pdflatex 2021.4.30)  3 AUG 2021 10:56
entering extended mode
**./main.tex
(main.tex
LaTeX2e <2020-10-01> patch level 4
L3 programming layer <2021-02-18>
(C:\Users\50303\AppData\Local\Programs\MiKTeX 2.9\tex/latex/base\article.cls
Document Class: article 2020/04/10 v1.4m Standard LaTeX document class
(C:\Users\50303\AppData\Local\Programs\MiKTeX 2.9\tex/latex/base\size10.clo
File: size10.clo 2020/04/10 v1.4m Standard LaTeX file (size option)
)
\c@part=\count179
\c@section=\count180
\c@subsection=\count181
\c@subsubsection=\count182
\c@paragraph=\count183
\c@subparagraph=\count184
\c@figure=\count185
\c@table=\count186
\abovecaptionskip=\skip47
\belowcaptionskip=\skip48
\bibindent=\dimen138
)
(aaai.sty
Conference Style for AAAI for LaTeX 2e -- version of 1 December 2013
\titlebox=\skip49
) (C:\Users\50303\AppData\Local\Programs\MiKTeX 2.9\tex/latex/psnfss\times.sty
Package: times 2020/03/25 PSNFSS-v9.3 (SPQR) 
) (C:\Users\50303\AppData\Local\Programs\MiKTeX 2.9\tex/latex/psnfss\helvet.sty
Package: helvet 2020/03/25 PSNFSS-v9.3 (WaS) 

(C:\Users\50303\AppData\Local\Programs\MiKTeX 2.9\tex/latex/graphics\keyval.sty
Package: keyval 2014/10/28 v1.15 key=value parser (DPC)
\KV@toks@=\toks15
))
(C:\Users\50303\AppData\Local\Programs\MiKTeX 2.9\tex/latex/psnfss\courier.sty
Package: courier 2020/03/25 PSNFSS-v9.3 (WaS) 
)
(C:\Users\50303\AppData\Local\Programs\MiKTeX 2.9\tex/latex/latex-tools\xspace.
sty
Package: xspace 2014/10/28 v1.13 Space after command names (DPC,MH)
)
(C:\Users\50303\AppData\Local\Programs\MiKTeX 2.9\tex/latex/amsfonts\amssymb.st
y
Package: amssymb 2013/01/14 v3.01 AMS font symbols

(C:\Users\50303\AppData\Local\Programs\MiKTeX 2.9\tex/latex/amsfonts\amsfonts.s
ty
Package: amsfonts 2013/01/14 v3.01 Basic AMSFonts support
\@emptytoks=\toks16
\symAMSa=\mathgroup4
\symAMSb=\mathgroup5
LaTeX Font Info:    Redeclaring math symbol \hbar on input line 98.
LaTeX Font Info:    Overwriting math alphabet `\mathfrak' in version `bold'
(Font)                  U/euf/m/n --> U/euf/b/n on input line 106.
))
(C:\Users\50303\AppData\Local\Programs\MiKTeX 2.9\tex/latex/amsmath\amsmath.sty
Package: amsmath 2020/09/23 v2.17i AMS math features
\@mathmargin=\skip50
For additional information on amsmath, use the `?' option.

(C:\Users\50303\AppData\Local\Programs\MiKTeX 2.9\tex/latex/amsmath\amstext.sty
Package: amstext 2000/06/29 v2.01 AMS text
(C:\Users\50303\AppData\Local\Programs\MiKTeX 2.9\tex/latex/amsmath\amsgen.sty
File: amsgen.sty 1999/11/30 v2.0 generic functions
\@emptytoks=\toks17
\ex@=\dimen139
))
(C:\Users\50303\AppData\Local\Programs\MiKTeX 2.9\tex/latex/amsmath\amsbsy.sty
Package: amsbsy 1999/11/29 v1.2d Bold Symbols
\pmbraise@=\dimen140
) (C:\Users\50303\AppData\Local\Programs\MiKTeX 2.9\tex/latex/amsmath\amsopn.st
y
Package: amsopn 2016/03/08 v2.02 operator names
)
\inf@bad=\count187
LaTeX Info: Redefining \frac on input line 234.
\uproot@=\count188
\leftroot@=\count189
LaTeX Info: Redefining \overline on input line 399.
\classnum@=\count190
\DOTSCASE@=\count191
LaTeX Info: Redefining \ldots on input line 496.
LaTeX Info: Redefining \dots on input line 499.
LaTeX Info: Redefining \cdots on input line 620.
\Mathstrutbox@=\box47
\strutbox@=\box48
\big@size=\dimen141
LaTeX Font Info:    Redeclaring font encoding OML on input line 743.
LaTeX Font Info:    Redeclaring font encoding OMS on input line 744.
\macc@depth=\count192
\c@MaxMatrixCols=\count193
\dotsspace@=\muskip16
\c@parentequation=\count194
\dspbrk@lvl=\count195
\tag@help=\toks18
\row@=\count196
\column@=\count197
\maxfields@=\count198
\andhelp@=\toks19
\eqnshift@=\dimen142
\alignsep@=\dimen143
\tagshift@=\dimen144
\tagwidth@=\dimen145
\totwidth@=\dimen146
\lineht@=\dimen147
\@envbody=\toks20
\multlinegap=\skip51
\multlinetaggap=\skip52
\mathdisplay@stack=\toks21
LaTeX Info: Redefining \[ on input line 2923.
LaTeX Info: Redefining \] on input line 2924.
)
(C:\Users\50303\AppData\Local\Programs\MiKTeX 2.9\tex/latex/esvect\esvect.sty
Package: esvect 
\symesvector=\mathgroup6
)
(C:\Users\50303\AppData\Local\Programs\MiKTeX 2.9\tex/latex/mathtools\mathtools
.sty
Package: mathtools 2021/04/12 v1.27 mathematical typesetting tools

(C:\Users\50303\AppData\Local\Programs\MiKTeX 2.9\tex/latex/latex-tools\calc.st
y
Package: calc 2017/05/25 v4.3 Infix arithmetic (KKT,FJ)
\calc@Acount=\count199
\calc@Bcount=\count266
\calc@Adimen=\dimen148
\calc@Bdimen=\dimen149
\calc@Askip=\skip53
\calc@Bskip=\skip54
LaTeX Info: Redefining \setlength on input line 80.
LaTeX Info: Redefining \addtolength on input line 81.
\calc@Ccount=\count267
\calc@Cskip=\skip55
)
(C:\Users\50303\AppData\Local\Programs\MiKTeX 2.9\tex/latex/mathtools\mhsetup.s
ty
Package: mhsetup 2021/03/18 v1.4 programming setup (MH)
)
LaTeX Info: Thecontrolsequence`\('isalreadyrobust on input line 130.
LaTeX Info: Thecontrolsequence`\)'isalreadyrobust on input line 130.
LaTeX Info: Thecontrolsequence`\['isalreadyrobust on input line 130.
LaTeX Info: Thecontrolsequence`\]'isalreadyrobust on input line 130.
\g_MT_multlinerow_int=\count268
\l_MT_multwidth_dim=\dimen150
\origjot=\skip56
\l_MT_shortvdotswithinadjustabove_dim=\dimen151
\l_MT_shortvdotswithinadjustbelow_dim=\dimen152
\l_MT_above_intertext_sep=\dimen153
\l_MT_below_intertext_sep=\dimen154
\l_MT_above_shortintertext_sep=\dimen155
\l_MT_below_shortintertext_sep=\dimen156
\xmathstrut@box=\box49
\xmathstrut@dim=\dimen157
)
(C:\Users\50303\AppData\Local\Programs\MiKTeX 2.9\tex/latex/comment\comment.sty
\CommentStream=\write3
Excluding comment 'comment')
(C:\Users\50303\AppData\Local\Programs\MiKTeX 2.9\tex/latex/threeparttable\thre
eparttable.sty
Package: threeparttable 2003/06/13  v 3.0
\@tempboxb=\box50
)
(C:\Users\50303\AppData\Local\Programs\MiKTeX 2.9\tex/latex/booktabs\booktabs.s
ty
Package: booktabs 2020/01/12 v1.61803398 Publication quality tables
\heavyrulewidth=\dimen158
\lightrulewidth=\dimen159
\cmidrulewidth=\dimen160
\belowrulesep=\dimen161
\belowbottomsep=\dimen162
\aboverulesep=\dimen163
\abovetopsep=\dimen164
\cmidrulesep=\dimen165
\cmidrulekern=\dimen166
\defaultaddspace=\dimen167
\@cmidla=\count269
\@cmidlb=\count270
\@aboverulesep=\dimen168
\@belowrulesep=\dimen169
\@thisruleclass=\count271
\@lastruleclass=\count272
\@thisrulewidth=\dimen170
)
(C:\Users\50303\AppData\Local\Programs\MiKTeX 2.9\tex/latex/multirow\multirow.s
ty
Package: multirow 2021/03/15 v2.8 Span multiple rows of a table
\multirow@colwidth=\skip57
\multirow@cntb=\count273
\multirow@dima=\skip58
\bigstrutjot=\dimen171
) (C:\Users\50303\AppData\Local\Programs\MiKTeX 2.9\tex/generic/soul\soul.sty
Package: soul 2003/11/17 v2.4 letterspacing/underlining (mf)
\SOUL@word=\toks22
\SOUL@lasttoken=\toks23
\SOUL@cmds=\toks24
\SOUL@buffer=\toks25
\SOUL@token=\toks26
\SOUL@spaceskip=\skip59
\SOUL@ttwidth=\dimen172
\SOUL@uldp=\dimen173
\SOUL@ulht=\dimen174
) (C:\Users\50303\AppData\Local\Programs\MiKTeX 2.9\tex/latex/natbib\natbib.sty
Package: natbib 2010/09/13 8.31b (PWD, AO)
\bibhang=\skip60
\bibsep=\skip61
LaTeX Info: Redefining \cite on input line 694.
LaTeX Info: Redefining \citeauthor on input line 712.
LaTeX Info: Redefining \citeyear on input line 735.
\c@NAT@ctr=\count274
)
(C:\Users\50303\AppData\Local\Programs\MiKTeX 2.9\tex/latex/graphics\graphicx.s
ty
Package: graphicx 2020/09/09 v1.2b Enhanced LaTeX Graphics (DPC,SPQR)

(C:\Users\50303\AppData\Local\Programs\MiKTeX 2.9\tex/latex/graphics\graphics.s
ty
Package: graphics 2020/08/30 v1.4c Standard LaTeX Graphics (DPC,SPQR)

(C:\Users\50303\AppData\Local\Programs\MiKTeX 2.9\tex/latex/graphics\trig.sty
Package: trig 2016/01/03 v1.10 sin cos tan (DPC)
)
(C:\Users\50303\AppData\Local\Programs\MiKTeX 2.9\tex/latex/graphics-cfg\graphi
cs.cfg
File: graphics.cfg 2016/06/04 v1.11 sample graphics configuration
)
Package graphics Info: Driver file: pdftex.def on input line 105.

(C:\Users\50303\AppData\Local\Programs\MiKTeX 2.9\tex/latex/graphics-def\pdftex
.def
File: pdftex.def 2020/10/05 v1.2a Graphics/color driver for pdftex
))
\Gin@req@height=\dimen175
\Gin@req@width=\dimen176
)
(C:\Users\50303\AppData\Local\Programs\MiKTeX 2.9\tex/latex/caption\caption.sty
Package: caption 2020/10/26 v3.5g Customizing captions (AR)

(C:\Users\50303\AppData\Local\Programs\MiKTeX 2.9\tex/latex/caption\caption3.st
y
Package: caption3 2020/10/21 v2.2e caption3 kernel (AR)
\captionmargin=\dimen177
\captionmargin@=\dimen178
\captionwidth=\dimen179
\caption@tempdima=\dimen180
\caption@indent=\dimen181
\caption@parindent=\dimen182
\caption@hangindent=\dimen183
Package caption Info: Standard document class detected.
)
\c@caption@flags=\count275
\c@continuedfloat=\count276
Package caption Info: threeparttable package is loaded.
)
(C:\Users\50303\AppData\Local\Programs\MiKTeX 2.9\tex/latex/caption\subcaption.
sty
Package: subcaption 2020/10/07 v1.3j Sub-captions (AR)
\c@subfigure=\count277
\c@subtable=\count278
) (define.tex)
LaTeX Font Info:    Trying to load font information for OT1+ptm on input line 2
6.

(C:\Users\50303\AppData\Local\Programs\MiKTeX 2.9\tex/latex/psnfss\ot1ptm.fd
File: ot1ptm.fd 2001/06/04 font definitions for OT1/ptm.
)
(C:\Users\50303\AppData\Local\Programs\MiKTeX 2.9\tex/latex/l3backend\l3backend
-pdftex.def
File: l3backend-pdftex.def 2021-03-18 L3 backend support: PDF output (pdfTeX)
\l__color_backend_stack_int=\count279
\l__pdf_internal_box=\box51
) (main.aux

LaTeX Warning: Label `sec:dis:policy' multiply defined.


LaTeX Warning: Label `sec:dis:policy' multiply defined.

)
\openout1 = `main.aux'.

LaTeX Font Info:    Checking defaults for OML/cmm/m/it on input line 26.
LaTeX Font Info:    ... okay on input line 26.
LaTeX Font Info:    Checking defaults for OMS/cmsy/m/n on input line 26.
LaTeX Font Info:    ... okay on input line 26.
LaTeX Font Info:    Checking defaults for OT1/cmr/m/n on input line 26.
LaTeX Font Info:    ... okay on input line 26.
LaTeX Font Info:    Checking defaults for T1/cmr/m/n on input line 26.
LaTeX Font Info:    ... okay on input line 26.
LaTeX Font Info:    Checking defaults for TS1/cmr/m/n on input line 26.
LaTeX Font Info:    ... okay on input line 26.
LaTeX Font Info:    Checking defaults for OMX/cmex/m/n on input line 26.
LaTeX Font Info:    ... okay on input line 26.
LaTeX Font Info:    Checking defaults for U/cmr/m/n on input line 26.
LaTeX Font Info:    ... okay on input line 26.

(C:\Users\50303\AppData\Local\Programs\MiKTeX 2.9\tex/context/base/mkii\supp-pd
f.mkii
[Loading MPS to PDF converter (version 2006.09.02).]
\scratchcounter=\count280
\scratchdimen=\dimen184
\scratchbox=\box52
\nofMPsegments=\count281
\nofMParguments=\count282
\everyMPshowfont=\toks27
\MPscratchCnt=\count283
\MPscratchDim=\dimen185
\MPnumerator=\count284
\makeMPintoPDFobject=\count285
\everyMPtoPDFconversion=\toks28
)
(C:\Users\50303\AppData\Local\Programs\MiKTeX 2.9\tex/latex/epstopdf-pkg\epstop
df-base.sty
Package: epstopdf-base 2020-01-24 v2.11 Base part for package epstopdf
Package epstopdf-base Info: Redefining graphics rule for `.eps' on input line 4
85.

(C:\Users\50303\AppData\Local\Programs\MiKTeX 2.9\tex/latex/00miktex\epstopdf-s
ys.cfg
File: epstopdf-sys.cfg 2021/03/18 v2.0 Configuration of epstopdf for MiKTeX
))
Package caption Info: Begin \AtBeginDocument code.
Package caption Info: End \AtBeginDocument code.
LaTeX Font Info:    Trying to load font information for U+msa on input line 36.


(C:\Users\50303\AppData\Local\Programs\MiKTeX 2.9\tex/latex/amsfonts\umsa.fd
File: umsa.fd 2013/01/14 v3.01 AMS symbols A
)
LaTeX Font Info:    Trying to load font information for U+msb on input line 36.


(C:\Users\50303\AppData\Local\Programs\MiKTeX 2.9\tex/latex/amsfonts\umsb.fd
File: umsb.fd 2013/01/14 v3.01 AMS symbols B
)
LaTeX Font Info:    Trying to load font information for U+esvect on input line 
36.

(C:\Users\50303\AppData\Local\Programs\MiKTeX 2.9\tex/latex/esvect\uesvect.fd
File: uesvect.fd 
)
LaTeX Font Info:    Trying to load font information for TS1+ptm on input line 3
6.

(C:\Users\50303\AppData\Local\Programs\MiKTeX 2.9\tex/latex/psnfss\ts1ptm.fd
File: ts1ptm.fd 2001/06/04 font definitions for TS1/ptm.
)
Underfull \hbox (badness 4981) in paragraph at lines 87--92
\OT1/ptm/m/n/10 based on proximal-policy op-ti-miza-tion (PPO) named
 []


LaTeX Warning: Reference `sec:method:encode' on page 1 undefined on input line 
153.

[1{C:/Users/50303/AppData/Local/MiKTeX/2.9/pdftex/config/pdftex.map}



] [2]
(tables/setup.tex

LaTeX Warning: `!h' float specifier changed to `!ht'.

)
<plots/mhc_avgresult_with_data.pdf, id=22, 433.62pt x 289.08pt>
File: plots/mhc_avgresult_with_data.pdf Graphic file (type pdf)
<use plots/mhc_avgresult_with_data.pdf>
Package pdftex.def Info: plots/mhc_avgresult_with_data.pdf  used on input line 
371.
(pdftex.def)             Requested size: 107.72673pt x 71.81548pt.

Underfull \hbox (badness 7379) in paragraph at lines 372--372
[]\OT1/ptm/m/n/9 (a) |MHC Molecules with
 []

<plots/mhc_avgresult_without_data.pdf, id=23, 433.62pt x 289.08pt>
File: plots/mhc_avgresult_without_data.pdf Graphic file (type pdf)
<use plots/mhc_avgresult_without_data.pdf>
Package pdftex.def Info: plots/mhc_avgresult_without_data.pdf  used on input li
ne 377.
(pdftex.def)             Requested size: 107.72673pt x 71.81548pt.
[3 <./plots/mhc_avgresult_with_data.pdf> <./plots/mhc_avgresult_without_data.pd
f

pdfTeX warning: pdflatex.exe (file ./plots/mhc_avgresult_without_data.pdf): PDF
 inclusion: multiple pdfs with page group included in a single page
>]
<plots/HLA-A0201_RL_mcts_Bayes_backprop_random_motif_1K_9.pdf, id=107, 578.16pt
 x 433.62pt>
File: plots/HLA-A0201_RL_mcts_Bayes_backprop_random_motif_1K_9.pdf Graphic file
 (type pdf)
<use plots/HLA-A0201_RL_mcts_Bayes_backprop_random_motif_1K_9.pdf>
Package pdftex.def Info: plots/HLA-A0201_RL_mcts_Bayes_backprop_random_motif_1K
_9.pdf  used on input line 444.
(pdftex.def)             Requested size: 114.90826pt x 86.1799pt.
<plots/HLA-C0602_RL_mcts_Bayes_backprop_random_motif_1K_9.pdf, id=108, 578.16pt
 x 433.62pt>
File: plots/HLA-C0602_RL_mcts_Bayes_backprop_random_motif_1K_9.pdf Graphic file
 (type pdf)
<use plots/HLA-C0602_RL_mcts_Bayes_backprop_random_motif_1K_9.pdf>
Package pdftex.def Info: plots/HLA-C0602_RL_mcts_Bayes_backprop_random_motif_1K
_9.pdf  used on input line 479.
(pdftex.def)             Requested size: 114.90826pt x 86.1799pt.
<plots/HLA-A1104_RL_mcts_Bayes_backprop_random_motif_1K_9.pdf, id=109, 578.16pt
 x 433.62pt>
File: plots/HLA-A1104_RL_mcts_Bayes_backprop_random_motif_1K_9.pdf Graphic file
 (type pdf)
<use plots/HLA-A1104_RL_mcts_Bayes_backprop_random_motif_1K_9.pdf>
Package pdftex.def Info: plots/HLA-A1104_RL_mcts_Bayes_backprop_random_motif_1K
_9.pdf  used on input line 486.
(pdftex.def)             Requested size: 114.90826pt x 86.1799pt.
<plots/HLA-B1513_RL_mcts_Bayes_backprop_random_motif_1K_9.pdf, id=110, 578.16pt
 x 433.62pt>
File: plots/HLA-B1513_RL_mcts_Bayes_backprop_random_motif_1K_9.pdf Graphic file
 (type pdf)
<use plots/HLA-B1513_RL_mcts_Bayes_backprop_random_motif_1K_9.pdf>
Package pdftex.def Info: plots/HLA-B1513_RL_mcts_Bayes_backprop_random_motif_1K
_9.pdf  used on input line 493.
(pdftex.def)             Requested size: 114.90826pt x 86.1799pt.
<plots/step_reward.pdf, id=111, 433.62pt x 289.08pt>
File: plots/step_reward.pdf Graphic file (type pdf)
<use plots/step_reward.pdf>
Package pdftex.def Info: plots/step_reward.pdf  used on input line 522.
(pdftex.def)             Requested size: 114.90826pt x 76.60141pt.
<plots/step_length.pdf, id=112, 433.62pt x 289.08pt>
File: plots/step_length.pdf Graphic file (type pdf)
<use plots/step_length.pdf>
Package pdftex.def Info: plots/step_length.pdf  used on input line 529.
(pdftex.def)             Requested size: 114.90826pt x 76.60141pt.

Underfull \vbox (badness 1048) has occurred while \output is active []

 (main.bbl
Underfull \hbox (badness 1199) in paragraph at lines 33--38
\OT1/ptm/m/n/10 O. Lund, and S. Buus.  NetMHC-pan, a method
 []

[4 <./plots/HLA-A0201_RL_mcts_Bayes_backprop_random_motif_1K_9.pdf> <./plots/HL
A-C0602_RL_mcts_Bayes_backprop_random_motif_1K_9.pdf

pdfTeX warning: pdflatex.exe (file ./plots/HLA-C0602_RL_mcts_Bayes_backprop_ran
dom_motif_1K_9.pdf): PDF inclusion: multiple pdfs with page group included in a
 single page
> <./plots/HLA-A1104_RL_mcts_Bayes_backprop_random_motif_1K_9.pdf

pdfTeX warning: pdflatex.exe (file ./plots/HLA-A1104_RL_mcts_Bayes_backprop_ran
dom_motif_1K_9.pdf): PDF inclusion: multiple pdfs with page group included in a
 single page
> <./plots/HLA-B1513_RL_mcts_Bayes_backprop_random_motif_1K_9.pdf

pdfTeX warning: pdflatex.exe (file ./plots/HLA-B1513_RL_mcts_Bayes_backprop_ran
dom_motif_1K_9.pdf): PDF inclusion: multiple pdfs with page group included in a
 single page
> <./plots/step_reward.pdf

pdfTeX warning: pdflatex.exe (file ./plots/step_reward.pdf): PDF inclusion: mul
tiple pdfs with page group included in a single page
> <./plots/step_length.pdf

pdfTeX warning: pdflatex.exe (file ./plots/step_length.pdf): PDF inclusion: mul
tiple pdfs with page group included in a single page
>]
Underfull \hbox (badness 5388) in paragraph at lines 53--56
\OT1/ptm/m/n/10 ervisto, and N. Dor-mann.  Sta-ble base-lines3.
 []

) [5

] (main.aux)

LaTeX Warning: There were undefined references.


LaTeX Warning: There were multiply-defined labels.

 ) 
Here is how much of TeX's memory you used:
 5316 strings out of 479321
 85403 string characters out of 2854639
 402701 words of memory out of 3000000
 22671 multiletter control sequences out of 15000+600000
 425256 words of font info for 82 fonts, out of 8000000 for 9000
 1141 hyphenation exceptions out of 8191
 68i,25n,74p,326b,441s stack positions out of 5000i,500n,10000p,200000b,80000s
{C:/Users/50303/AppData/Local/Programs/MiKTeX 2.9/fonts/enc/dvips/base/8r.enc
}<C:/Users/50303/AppData/Local/Programs/MiKTeX 2.9/fonts/type1/public/amsfonts/
cm/cmbx10.pfb><C:/Users/50303/AppData/Local/Programs/MiKTeX 2.9/fonts/type1/pub
lic/amsfonts/cm/cmmi10.pfb><C:/Users/50303/AppData/Local/Programs/MiKTeX 2.9/fo
nts/type1/public/amsfonts/cm/cmmi5.pfb><C:/Users/50303/AppData/Local/Programs/M
iKTeX 2.9/fonts/type1/public/amsfonts/cm/cmmi7.pfb><C:/Users/50303/AppData/Loca
l/Programs/MiKTeX 2.9/fonts/type1/public/amsfonts/cm/cmr10.pfb><C:/Users/50303/
AppData/Local/Programs/MiKTeX 2.9/fonts/type1/public/amsfonts/cm/cmr7.pfb><C:/U
sers/50303/AppData/Local/Programs/MiKTeX 2.9/fonts/type1/public/amsfonts/cm/cms
y10.pfb><C:/Users/50303/AppData/Local/Programs/MiKTeX 2.9/fonts/type1/public/am
sfonts/cm/cmsy7.pfb><C:/Users/50303/AppData/Local/Programs/MiKTeX 2.9/fonts/typ
e1/public/amsfonts/cm/cmtt10.pfb><C:/Users/50303/AppData/Local/Programs/MiKTeX 
2.9/fonts/type1/public/amsfonts/cm/cmtt9.pfb><C:/Users/50303/AppData/Local/Prog
rams/MiKTeX 2.9/fonts/type1/public/amsfonts/symbols/msbm10.pfb><C:/Users/50303/
AppData/Local/Programs/MiKTeX 2.9/fonts/type1/urw/times/utmb8a.pfb><C:/Users/50
303/AppData/Local/Programs/MiKTeX 2.9/fonts/type1/urw/times/utmr8a.pfb><C:/User
s/50303/AppData/Local/Programs/MiKTeX 2.9/fonts/type1/urw/times/utmri8a.pfb>
Output written on main.pdf (5 pages, 365638 bytes).
PDF statistics:
 453 PDF objects out of 1000 (max. 8388607)
 0 named destinations out of 1000 (max. 500000)
 41 words of extra memory for PDF output out of 10000 (max. 10000000)

